Thu Apr 12 10:35:45 Loaded file C:\PROGRAM FILES\ORCAD\LAYOUT_PLUS\LIBRARY\BCON100T.LLB
Thu Apr 12 10:35:45 Loaded file C:\PROGRAM FILES\ORCAD\LAYOUT_PLUS\LIBRARY\BCON156T.LLB
Thu Apr 12 10:35:46 Loaded file C:\PROGRAM FILES\ORCAD\LAYOUT_PLUS\LIBRARY\BGA.LLB
Thu Apr 12 10:35:46 Loaded file C:\PROGRAM FILES\ORCAD\LAYOUT_PLUS\LIBRARY\CLCC.LLB
Thu Apr 12 10:35:46 Loaded file C:\PROGRAM FILES\ORCAD\LAYOUT_PLUS\LIBRARY\DCON050T.LLB
Thu Apr 12 10:35:47 Loaded file C:\PROGRAM FILES\ORCAD\LAYOUT_PLUS\LIBRARY\DCON085T.LLB
Thu Apr 12 10:35:47 Loaded file C:\PROGRAM FILES\ORCAD\LAYOUT_PLUS\LIBRARY\DIMM050F.LLB
Thu Apr 12 10:35:47 Loaded file C:\PROGRAM FILES\ORCAD\LAYOUT_PLUS\LIBRARY\DIMM050T.LLB
Thu Apr 12 10:35:47 Loaded file C:\PROGRAM FILES\ORCAD\LAYOUT_PLUS\LIBRARY\DIN.LLB
Thu Apr 12 10:35:48 Loaded file C:\PROGRAM FILES\ORCAD\LAYOUT_PLUS\LIBRARY\DIP100B.LLB
Thu Apr 12 10:35:48 Loaded file C:\PROGRAM FILES\ORCAD\LAYOUT_PLUS\LIBRARY\DIP100T.LLB
Thu Apr 12 10:35:48 Loaded file C:\PROGRAM FILES\ORCAD\LAYOUT_PLUS\LIBRARY\DSUBT.LLB
Thu Apr 12 10:35:48 Loaded file C:\PROGRAM FILES\ORCAD\LAYOUT_PLUS\LIBRARY\DSUBT_HD.LLB
Thu Apr 12 10:35:49 Loaded file C:\PROGRAM FILES\ORCAD\LAYOUT_PLUS\LIBRARY\ECON100T.LLB
Thu Apr 12 10:35:49 Loaded file C:\PROGRAM FILES\ORCAD\LAYOUT_PLUS\LIBRARY\EMPTY.LLB
Thu Apr 12 10:35:50 Loaded file C:\PROGRAM FILES\ORCAD\LAYOUT_PLUS\LIBRARY\EX_GUI.LLB
Thu Apr 12 10:35:50 Loaded file C:\PROGRAM FILES\ORCAD\LAYOUT_PLUS\LIBRARY\FBUS.LLB
Thu Apr 12 10:35:50 Loaded file C:\PROGRAM FILES\ORCAD\LAYOUT_PLUS\LIBRARY\ISA.LLB
Thu Apr 12 10:35:50 Loaded file C:\PROGRAM FILES\ORCAD\LAYOUT_PLUS\LIBRARY\JUMPER.LLB
Thu Apr 12 10:35:51 Loaded file C:\PROGRAM FILES\ORCAD\LAYOUT_PLUS\LIBRARY\LAYOUT.LLB
Thu Apr 12 10:35:51 Loaded file C:\PROGRAM FILES\ORCAD\LAYOUT_PLUS\LIBRARY\LCON100T.LLB
Thu Apr 12 10:35:51 Loaded file C:\PROGRAM FILES\ORCAD\LAYOUT_PLUS\LIBRARY\METRIC.LLB
Thu Apr 12 10:35:52 Loaded file C:\PROGRAM FILES\ORCAD\LAYOUT_PLUS\LIBRARY\PADSTACK.LLB
Thu Apr 12 10:35:52 Loaded file C:\PROGRAM FILES\ORCAD\LAYOUT_PLUS\LIBRARY\PC104.LLB
Thu Apr 12 10:35:52 Loaded file C:\PROGRAM FILES\ORCAD\LAYOUT_PLUS\LIBRARY\PCI.LLB
Thu Apr 12 10:35:52 Loaded file C:\PROGRAM FILES\ORCAD\LAYOUT_PLUS\LIBRARY\PCON100T.LLB
Thu Apr 12 10:35:52 Loaded file C:\PROGRAM FILES\ORCAD\LAYOUT_PLUS\LIBRARY\PCON156T.LLB
Thu Apr 12 10:35:53 Loaded file C:\PROGRAM FILES\ORCAD\LAYOUT_PLUS\LIBRARY\PGA.LLB
Thu Apr 12 10:35:53 Loaded file C:\PROGRAM FILES\ORCAD\LAYOUT_PLUS\LIBRARY\PLCC.LLB
Thu Apr 12 10:35:54 Loaded file C:\PROGRAM FILES\ORCAD\LAYOUT_PLUS\LIBRARY\QUAD.LLB
Thu Apr 12 10:35:54 Loaded file C:\PROGRAM FILES\ORCAD\LAYOUT_PLUS\LIBRARY\QUADB.LLB
Thu Apr 12 10:35:54 Loaded file C:\PROGRAM FILES\ORCAD\LAYOUT_PLUS\LIBRARY\RELAY.LLB
Thu Apr 12 10:35:54 Loaded file C:\PROGRAM FILES\ORCAD\LAYOUT_PLUS\LIBRARY\RF.LLB
Thu Apr 12 10:35:55 Loaded file C:\PROGRAM FILES\ORCAD\LAYOUT_PLUS\LIBRARY\SBUS.LLB
Thu Apr 12 10:35:55 Loaded file C:\PROGRAM FILES\ORCAD\LAYOUT_PLUS\LIBRARY\SIMM050F.LLB
Thu Apr 12 10:35:56 Loaded file C:\PROGRAM FILES\ORCAD\LAYOUT_PLUS\LIBRARY\SIMM050T.LLB
Thu Apr 12 10:35:56 Loaded file C:\PROGRAM FILES\ORCAD\LAYOUT_PLUS\LIBRARY\SIMM100F.LLB
Thu Apr 12 10:35:56 Loaded file C:\PROGRAM FILES\ORCAD\LAYOUT_PLUS\LIBRARY\SIMM100T.LLB
Thu Apr 12 10:35:56 Loaded file C:\PROGRAM FILES\ORCAD\LAYOUT_PLUS\LIBRARY\SIP.LLB
Thu Apr 12 10:35:57 Loaded file C:\PROGRAM FILES\ORCAD\LAYOUT_PLUS\LIBRARY\SM.LLB
Thu Apr 12 10:35:57 Loaded file C:\PROGRAM FILES\ORCAD\LAYOUT_PLUS\LIBRARY\SOG.LLB
Thu Apr 12 10:35:57 Loaded file C:\PROGRAM FILES\ORCAD\LAYOUT_PLUS\LIBRARY\SOJ.LLB
Thu Apr 12 10:35:57 Loaded file C:\PROGRAM FILES\ORCAD\LAYOUT_PLUS\LIBRARY\STIFF.LLB
Thu Apr 12 10:35:57 Loaded file C:\PROGRAM FILES\ORCAD\LAYOUT_PLUS\LIBRARY\TELE.LLB
Thu Apr 12 10:35:57 Loaded file C:\PROGRAM FILES\ORCAD\LAYOUT_PLUS\LIBRARY\TM_AXIAL.LLB
Thu Apr 12 10:35:58 Loaded file C:\PROGRAM FILES\ORCAD\LAYOUT_PLUS\LIBRARY\TM_CAP_P.LLB
Thu Apr 12 10:35:58 Loaded file C:\PROGRAM FILES\ORCAD\LAYOUT_PLUS\LIBRARY\TM_CYLND.LLB
Thu Apr 12 10:35:58 Loaded file C:\PROGRAM FILES\ORCAD\LAYOUT_PLUS\LIBRARY\TM_DIODE.LLB
Thu Apr 12 10:35:58 Loaded file C:\PROGRAM FILES\ORCAD\LAYOUT_PLUS\LIBRARY\TM_DISC.LLB
Thu Apr 12 10:35:59 Loaded file C:\PROGRAM FILES\ORCAD\LAYOUT_PLUS\LIBRARY\TM_RAD.LLB
Thu Apr 12 10:35:59 Loaded file C:\PROGRAM FILES\ORCAD\LAYOUT_PLUS\LIBRARY\TO.LLB
Thu Apr 12 10:35:59 Loaded file C:\PROGRAM FILES\ORCAD\LAYOUT_PLUS\LIBRARY\TRAINING.LLB
Thu Apr 12 10:35:59 Loaded file C:\PROGRAM FILES\ORCAD\LAYOUT_PLUS\LIBRARY\VRES.LLB
Thu Apr 12 10:35:59 Loaded file C:\PROGRAM FILES\ORCAD\LAYOUT_PLUS\LIBRARY\WCON100T.LLB
Thu Apr 12 10:35:59 Loaded file C:\PROGRAM FILES\ORCAD\LAYOUT_PLUS\LIBRARY\XT.LLB
Thu Apr 12 10:35:59 Loaded file C:\PROGRAM FILES\ORCAD\LAYOUT_PLUS\LIBRARY\ZIGZAG.LLB
Tue Apr 17 12:21:42 Loaded file C:\PROGRAM FILES\ORCAD\LAYOUT_PLUS\LIBRARY\BCON100T.LLB
Tue Apr 17 12:21:42 Loaded file C:\PROGRAM FILES\ORCAD\LAYOUT_PLUS\LIBRARY\BCON156T.LLB
Tue Apr 17 12:21:43 Loaded file C:\PROGRAM FILES\ORCAD\LAYOUT_PLUS\LIBRARY\BGA.LLB
Tue Apr 17 12:21:44 Loaded file C:\PROGRAM FILES\ORCAD\LAYOUT_PLUS\LIBRARY\CLCC.LLB
Tue Apr 17 12:21:44 Loaded file C:\PROGRAM FILES\ORCAD\LAYOUT_PLUS\LIBRARY\DCON050T.LLB
Tue Apr 17 12:21:44 Loaded file C:\PROGRAM FILES\ORCAD\LAYOUT_PLUS\LIBRARY\DCON085T.LLB
Tue Apr 17 12:21:44 Loaded file C:\PROGRAM FILES\ORCAD\LAYOUT_PLUS\LIBRARY\DIMM050F.LLB
Tue Apr 17 12:21:45 Loaded file C:\PROGRAM FILES\ORCAD\LAYOUT_PLUS\LIBRARY\DIMM050T.LLB
Tue Apr 17 12:21:46 Loaded file C:\PROGRAM FILES\ORCAD\LAYOUT_PLUS\LIBRARY\DIN.LLB
Tue Apr 17 12:21:46 Loaded file C:\PROGRAM FILES\ORCAD\LAYOUT_PLUS\LIBRARY\DIP100B.LLB
Tue Apr 17 12:21:46 Loaded file C:\PROGRAM FILES\ORCAD\LAYOUT_PLUS\LIBRARY\DIP100T.LLB
Tue Apr 17 12:21:46 Loaded file C:\PROGRAM FILES\ORCAD\LAYOUT_PLUS\LIBRARY\DSUBT.LLB
Tue Apr 17 12:21:46 Loaded file C:\PROGRAM FILES\ORCAD\LAYOUT_PLUS\LIBRARY\DSUBT_HD.LLB
Tue Apr 17 12:21:47 Loaded file C:\PROGRAM FILES\ORCAD\LAYOUT_PLUS\LIBRARY\ECON100T.LLB
Tue Apr 17 12:21:47 Loaded file C:\PROGRAM FILES\ORCAD\LAYOUT_PLUS\LIBRARY\EMPTY.LLB
Tue Apr 17 12:21:48 Loaded file C:\PROGRAM FILES\ORCAD\LAYOUT_PLUS\LIBRARY\EX_GUI.LLB
Tue Apr 17 12:21:48 Loaded file C:\PROGRAM FILES\ORCAD\LAYOUT_PLUS\LIBRARY\FBUS.LLB
Tue Apr 17 12:21:48 Loaded file C:\PROGRAM FILES\ORCAD\LAYOUT_PLUS\LIBRARY\ISA.LLB
Tue Apr 17 12:21:49 Loaded file C:\PROGRAM FILES\ORCAD\LAYOUT_PLUS\LIBRARY\JUMPER.LLB
Tue Apr 17 12:21:49 Loaded file C:\PROGRAM FILES\ORCAD\LAYOUT_PLUS\LIBRARY\LAYOUT.LLB
Tue Apr 17 12:21:50 Loaded file C:\PROGRAM FILES\ORCAD\LAYOUT_PLUS\LIBRARY\LCON100T.LLB
Tue Apr 17 12:21:50 Loaded file C:\PROGRAM FILES\ORCAD\LAYOUT_PLUS\LIBRARY\METRIC.LLB
Tue Apr 17 12:21:51 Loaded file C:\PROGRAM FILES\ORCAD\LAYOUT_PLUS\LIBRARY\PADSTACK.LLB
Tue Apr 17 12:21:52 Loaded file C:\PROGRAM FILES\ORCAD\LAYOUT_PLUS\LIBRARY\PC104.LLB
Tue Apr 17 12:21:52 Loaded file C:\PROGRAM FILES\ORCAD\LAYOUT_PLUS\LIBRARY\PCI.LLB
Tue Apr 17 12:21:52 Loaded file C:\PROGRAM FILES\ORCAD\LAYOUT_PLUS\LIBRARY\PCON100T.LLB
Tue Apr 17 12:21:53 Loaded file C:\PROGRAM FILES\ORCAD\LAYOUT_PLUS\LIBRARY\PCON156T.LLB
Tue Apr 17 12:21:55 Loaded file C:\PROGRAM FILES\ORCAD\LAYOUT_PLUS\LIBRARY\PGA.LLB
Tue Apr 17 12:21:56 Loaded file C:\PROGRAM FILES\ORCAD\LAYOUT_PLUS\LIBRARY\PLCC.LLB
Tue Apr 17 12:21:56 Loaded file C:\PROGRAM FILES\ORCAD\LAYOUT_PLUS\LIBRARY\QUAD.LLB
Tue Apr 17 12:21:56 Loaded file C:\PROGRAM FILES\ORCAD\LAYOUT_PLUS\LIBRARY\QUADB.LLB
Tue Apr 17 12:21:56 Loaded file C:\PROGRAM FILES\ORCAD\LAYOUT_PLUS\LIBRARY\RELAY.LLB
Tue Apr 17 12:21:56 Loaded file C:\PROGRAM FILES\ORCAD\LAYOUT_PLUS\LIBRARY\RF.LLB
Tue Apr 17 12:21:57 Loaded file C:\PROGRAM FILES\ORCAD\LAYOUT_PLUS\LIBRARY\SBUS.LLB
Tue Apr 17 12:21:57 Loaded file C:\PROGRAM FILES\ORCAD\LAYOUT_PLUS\LIBRARY\SIMM050F.LLB
Tue Apr 17 12:21:57 Loaded file C:\PROGRAM FILES\ORCAD\LAYOUT_PLUS\LIBRARY\SIMM050T.LLB
Tue Apr 17 12:21:58 Loaded file C:\PROGRAM FILES\ORCAD\LAYOUT_PLUS\LIBRARY\SIMM100F.LLB
Tue Apr 17 12:21:58 Loaded file C:\PROGRAM FILES\ORCAD\LAYOUT_PLUS\LIBRARY\SIMM100T.LLB
Tue Apr 17 12:21:58 Loaded file C:\PROGRAM FILES\ORCAD\LAYOUT_PLUS\LIBRARY\SIP.LLB
Tue Apr 17 12:21:58 Loaded file C:\PROGRAM FILES\ORCAD\LAYOUT_PLUS\LIBRARY\SM.LLB
Tue Apr 17 12:21:58 Loaded file C:\PROGRAM FILES\ORCAD\LAYOUT_PLUS\LIBRARY\SOG.LLB
Tue Apr 17 12:21:58 Loaded file C:\PROGRAM FILES\ORCAD\LAYOUT_PLUS\LIBRARY\SOJ.LLB
Tue Apr 17 12:21:58 Loaded file C:\PROGRAM FILES\ORCAD\LAYOUT_PLUS\LIBRARY\STIFF.LLB
Tue Apr 17 12:21:58 Loaded file C:\PROGRAM FILES\ORCAD\LAYOUT_PLUS\LIBRARY\TELE.LLB
Tue Apr 17 12:21:59 Loaded file C:\PROGRAM FILES\ORCAD\LAYOUT_PLUS\LIBRARY\TM_AXIAL.LLB
Tue Apr 17 12:21:59 Loaded file C:\PROGRAM FILES\ORCAD\LAYOUT_PLUS\LIBRARY\TM_CAP_P.LLB
Tue Apr 17 12:21:59 Loaded file C:\PROGRAM FILES\ORCAD\LAYOUT_PLUS\LIBRARY\TM_CYLND.LLB
Tue Apr 17 12:22:00 Loaded file C:\PROGRAM FILES\ORCAD\LAYOUT_PLUS\LIBRARY\TM_DIODE.LLB
Tue Apr 17 12:22:00 Loaded file C:\PROGRAM FILES\ORCAD\LAYOUT_PLUS\LIBRARY\TM_DISC.LLB
Tue Apr 17 12:22:00 Loaded file C:\PROGRAM FILES\ORCAD\LAYOUT_PLUS\LIBRARY\TM_RAD.LLB
Tue Apr 17 12:22:01 Loaded file C:\PROGRAM FILES\ORCAD\LAYOUT_PLUS\LIBRARY\TO.LLB
Tue Apr 17 12:22:01 Loaded file C:\PROGRAM FILES\ORCAD\LAYOUT_PLUS\LIBRARY\TRAINING.LLB
Tue Apr 17 12:22:01 Loaded file C:\PROGRAM FILES\ORCAD\LAYOUT_PLUS\LIBRARY\VRES.LLB
Tue Apr 17 12:22:01 Loaded file C:\PROGRAM FILES\ORCAD\LAYOUT_PLUS\LIBRARY\WCON100T.LLB
Tue Apr 17 12:22:02 Loaded file C:\PROGRAM FILES\ORCAD\LAYOUT_PLUS\LIBRARY\XT.LLB
Tue Apr 17 12:22:02 Loaded file C:\PROGRAM FILES\ORCAD\LAYOUT_PLUS\LIBRARY\ZIGZAG.LLB
Fri Apr 20 09:11:17 Loaded file C:\PROGRAM FILES\ORCAD\LAYOUT_PLUS\LIBRARY\BCON100T.LLB
Fri Apr 20 09:11:17 Loaded file C:\PROGRAM FILES\ORCAD\LAYOUT_PLUS\LIBRARY\BCON156T.LLB
Fri Apr 20 09:11:20 Loaded file C:\PROGRAM FILES\ORCAD\LAYOUT_PLUS\LIBRARY\BGA.LLB
Fri Apr 20 09:11:20 Loaded file C:\PROGRAM FILES\ORCAD\LAYOUT_PLUS\LIBRARY\CLCC.LLB
Fri Apr 20 09:11:21 Loaded file C:\PROGRAM FILES\ORCAD\LAYOUT_PLUS\LIBRARY\DCON050T.LLB
Fri Apr 20 09:11:21 Loaded file C:\PROGRAM FILES\ORCAD\LAYOUT_PLUS\LIBRARY\DCON085T.LLB
Fri Apr 20 09:11:21 Loaded file C:\PROGRAM FILES\ORCAD\LAYOUT_PLUS\LIBRARY\DIMM050F.LLB
Fri Apr 20 09:11:22 Loaded file C:\PROGRAM FILES\ORCAD\LAYOUT_PLUS\LIBRARY\DIMM050T.LLB
Fri Apr 20 09:11:22 Loaded file C:\PROGRAM FILES\ORCAD\LAYOUT_PLUS\LIBRARY\DIN.LLB
Fri Apr 20 09:11:22 Loaded file C:\PROGRAM FILES\ORCAD\LAYOUT_PLUS\LIBRARY\DIP100B.LLB
Fri Apr 20 09:11:23 Loaded file C:\PROGRAM FILES\ORCAD\LAYOUT_PLUS\LIBRARY\DIP100T.LLB
Fri Apr 20 09:11:23 Loaded file C:\PROGRAM FILES\ORCAD\LAYOUT_PLUS\LIBRARY\DSUBT.LLB
Fri Apr 20 09:11:23 Loaded file C:\PROGRAM FILES\ORCAD\LAYOUT_PLUS\LIBRARY\DSUBT_HD.LLB
Fri Apr 20 09:11:24 Loaded file C:\PROGRAM FILES\ORCAD\LAYOUT_PLUS\LIBRARY\ECON100T.LLB
Fri Apr 20 09:11:24 Loaded file C:\PROGRAM FILES\ORCAD\LAYOUT_PLUS\LIBRARY\EMPTY.LLB
Fri Apr 20 09:11:25 Loaded file C:\PROGRAM FILES\ORCAD\LAYOUT_PLUS\LIBRARY\EX_GUI.LLB
Fri Apr 20 09:11:25 Loaded file C:\PROGRAM FILES\ORCAD\LAYOUT_PLUS\LIBRARY\FBUS.LLB
Fri Apr 20 09:11:25 Loaded file C:\PROGRAM FILES\ORCAD\LAYOUT_PLUS\LIBRARY\ISA.LLB
Fri Apr 20 09:11:25 Loaded file C:\PROGRAM FILES\ORCAD\LAYOUT_PLUS\LIBRARY\JUMPER.LLB
Fri Apr 20 09:11:26 Loaded file C:\PROGRAM FILES\ORCAD\LAYOUT_PLUS\LIBRARY\LAYOUT.LLB
Fri Apr 20 09:11:26 Loaded file C:\PROGRAM FILES\ORCAD\LAYOUT_PLUS\LIBRARY\LCON100T.LLB
Fri Apr 20 09:11:26 Loaded file C:\PROGRAM FILES\ORCAD\LAYOUT_PLUS\LIBRARY\METRIC.LLB
Fri Apr 20 09:11:27 Loaded file C:\PROGRAM FILES\ORCAD\LAYOUT_PLUS\LIBRARY\PADSTACK.LLB
Fri Apr 20 09:11:28 Loaded file C:\PROGRAM FILES\ORCAD\LAYOUT_PLUS\LIBRARY\PC104.LLB
Fri Apr 20 09:11:28 Loaded file C:\PROGRAM FILES\ORCAD\LAYOUT_PLUS\LIBRARY\PCI.LLB
Fri Apr 20 09:11:29 Loaded file C:\PROGRAM FILES\ORCAD\LAYOUT_PLUS\LIBRARY\PCON100T.LLB
Fri Apr 20 09:11:29 Loaded file C:\PROGRAM FILES\ORCAD\LAYOUT_PLUS\LIBRARY\PCON156T.LLB
Fri Apr 20 09:11:30 Loaded file C:\PROGRAM FILES\ORCAD\LAYOUT_PLUS\LIBRARY\PGA.LLB
Fri Apr 20 09:11:30 Loaded file C:\PROGRAM FILES\ORCAD\LAYOUT_PLUS\LIBRARY\PLCC.LLB
Fri Apr 20 09:11:32 Loaded file C:\PROGRAM FILES\ORCAD\LAYOUT_PLUS\LIBRARY\QUAD.LLB
Fri Apr 20 09:11:32 Loaded file C:\PROGRAM FILES\ORCAD\LAYOUT_PLUS\LIBRARY\QUADB.LLB
Fri Apr 20 09:11:32 Loaded file C:\PROGRAM FILES\ORCAD\LAYOUT_PLUS\LIBRARY\RELAY.LLB
Fri Apr 20 09:11:32 Loaded file C:\PROGRAM FILES\ORCAD\LAYOUT_PLUS\LIBRARY\RF.LLB
Fri Apr 20 09:11:32 Loaded file C:\PROGRAM FILES\ORCAD\LAYOUT_PLUS\LIBRARY\SBUS.LLB
Fri Apr 20 09:11:33 Loaded file C:\PROGRAM FILES\ORCAD\LAYOUT_PLUS\LIBRARY\SIMM050F.LLB
Fri Apr 20 09:11:34 Loaded file C:\PROGRAM FILES\ORCAD\LAYOUT_PLUS\LIBRARY\SIMM050T.LLB
Fri Apr 20 09:11:34 Loaded file C:\PROGRAM FILES\ORCAD\LAYOUT_PLUS\LIBRARY\SIMM100F.LLB
Fri Apr 20 09:11:34 Loaded file C:\PROGRAM FILES\ORCAD\LAYOUT_PLUS\LIBRARY\SIMM100T.LLB
Fri Apr 20 09:11:34 Loaded file C:\PROGRAM FILES\ORCAD\LAYOUT_PLUS\LIBRARY\SIP.LLB
Fri Apr 20 09:11:35 Loaded file C:\PROGRAM FILES\ORCAD\LAYOUT_PLUS\LIBRARY\SM.LLB
Fri Apr 20 09:11:35 Loaded file C:\PROGRAM FILES\ORCAD\LAYOUT_PLUS\LIBRARY\SOG.LLB
Fri Apr 20 09:11:36 Loaded file C:\PROGRAM FILES\ORCAD\LAYOUT_PLUS\LIBRARY\SOJ.LLB
Fri Apr 20 09:11:36 Loaded file C:\PROGRAM FILES\ORCAD\LAYOUT_PLUS\LIBRARY\STIFF.LLB
Fri Apr 20 09:11:36 Loaded file C:\PROGRAM FILES\ORCAD\LAYOUT_PLUS\LIBRARY\TELE.LLB
Fri Apr 20 09:11:37 Loaded file C:\PROGRAM FILES\ORCAD\LAYOUT_PLUS\LIBRARY\TM_AXIAL.LLB
Fri Apr 20 09:11:37 Loaded file C:\PROGRAM FILES\ORCAD\LAYOUT_PLUS\LIBRARY\TM_CAP_P.LLB
Fri Apr 20 09:11:37 Loaded file C:\PROGRAM FILES\ORCAD\LAYOUT_PLUS\LIBRARY\TM_CYLND.LLB
Fri Apr 20 09:11:37 Loaded file C:\PROGRAM FILES\ORCAD\LAYOUT_PLUS\LIBRARY\TM_DIODE.LLB
Fri Apr 20 09:11:37 Loaded file C:\PROGRAM FILES\ORCAD\LAYOUT_PLUS\LIBRARY\TM_DISC.LLB
Fri Apr 20 09:11:38 Loaded file C:\PROGRAM FILES\ORCAD\LAYOUT_PLUS\LIBRARY\TM_RAD.LLB
Fri Apr 20 09:11:39 Loaded file C:\PROGRAM FILES\ORCAD\LAYOUT_PLUS\LIBRARY\TO.LLB
Fri Apr 20 09:11:39 Loaded file C:\PROGRAM FILES\ORCAD\LAYOUT_PLUS\LIBRARY\TRAINING.LLB
Fri Apr 20 09:11:39 Loaded file C:\PROGRAM FILES\ORCAD\LAYOUT_PLUS\LIBRARY\VRES.LLB
Fri Apr 20 09:11:39 Loaded file C:\PROGRAM FILES\ORCAD\LAYOUT_PLUS\LIBRARY\WCON100T.LLB
Fri Apr 20 09:11:39 Loaded file C:\PROGRAM FILES\ORCAD\LAYOUT_PLUS\LIBRARY\XT.LLB
Fri Apr 20 09:11:39 Loaded file C:\PROGRAM FILES\ORCAD\LAYOUT_PLUS\LIBRARY\ZIGZAG.LLB
Fri Apr 20 12:29:07 Loaded file C:\PROGRAM FILES\ORCAD\LAYOUT_PLUS\LIBRARY\BCON100T.LLB
Fri Apr 20 12:29:07 Loaded file C:\PROGRAM FILES\ORCAD\LAYOUT_PLUS\LIBRARY\BCON156T.LLB
Fri Apr 20 12:29:10 Loaded file C:\PROGRAM FILES\ORCAD\LAYOUT_PLUS\LIBRARY\BGA.LLB
Fri Apr 20 12:29:10 Loaded file C:\PROGRAM FILES\ORCAD\LAYOUT_PLUS\LIBRARY\CLCC.LLB
Fri Apr 20 12:29:10 Loaded file C:\PROGRAM FILES\ORCAD\LAYOUT_PLUS\LIBRARY\DCON050T.LLB
Fri Apr 20 12:29:10 Loaded file C:\PROGRAM FILES\ORCAD\LAYOUT_PLUS\LIBRARY\DCON085T.LLB
Fri Apr 20 12:29:10 Loaded file C:\PROGRAM FILES\ORCAD\LAYOUT_PLUS\LIBRARY\DIMM050F.LLB
Fri Apr 20 12:29:11 Loaded file C:\PROGRAM FILES\ORCAD\LAYOUT_PLUS\LIBRARY\DIMM050T.LLB
Fri Apr 20 12:29:11 Loaded file C:\PROGRAM FILES\ORCAD\LAYOUT_PLUS\LIBRARY\DIN.LLB
Fri Apr 20 12:29:11 Loaded file C:\PROGRAM FILES\ORCAD\LAYOUT_PLUS\LIBRARY\DIP100B.LLB
Fri Apr 20 12:29:12 Loaded file C:\PROGRAM FILES\ORCAD\LAYOUT_PLUS\LIBRARY\DIP100T.LLB
Fri Apr 20 12:29:12 Loaded file C:\PROGRAM FILES\ORCAD\LAYOUT_PLUS\LIBRARY\DSUBT.LLB
Fri Apr 20 12:29:12 Loaded file C:\PROGRAM FILES\ORCAD\LAYOUT_PLUS\LIBRARY\DSUBT_HD.LLB
Fri Apr 20 12:29:13 Loaded file C:\PROGRAM FILES\ORCAD\LAYOUT_PLUS\LIBRARY\ECON100T.LLB
Fri Apr 20 12:29:13 Loaded file C:\PROGRAM FILES\ORCAD\LAYOUT_PLUS\LIBRARY\EMPTY.LLB
Fri Apr 20 12:29:14 Loaded file C:\PROGRAM FILES\ORCAD\LAYOUT_PLUS\LIBRARY\EX_GUI.LLB
Fri Apr 20 12:29:14 Loaded file C:\PROGRAM FILES\ORCAD\LAYOUT_PLUS\LIBRARY\FBUS.LLB
Fri Apr 20 12:29:14 Loaded file C:\PROGRAM FILES\ORCAD\LAYOUT_PLUS\LIBRARY\ISA.LLB
Fri Apr 20 12:29:14 Loaded file C:\PROGRAM FILES\ORCAD\LAYOUT_PLUS\LIBRARY\JUMPER.LLB
Fri Apr 20 12:29:14 Loaded file C:\PROGRAM FILES\ORCAD\LAYOUT_PLUS\LIBRARY\LAYOUT.LLB
Fri Apr 20 12:29:14 Loaded file C:\PROGRAM FILES\ORCAD\LAYOUT_PLUS\LIBRARY\LCON100T.LLB
Fri Apr 20 12:29:15 Loaded file C:\PROGRAM FILES\ORCAD\LAYOUT_PLUS\LIBRARY\METRIC.LLB
Fri Apr 20 12:29:16 Loaded file C:\PROGRAM FILES\ORCAD\LAYOUT_PLUS\LIBRARY\PADSTACK.LLB
Fri Apr 20 12:29:16 Loaded file C:\PROGRAM FILES\ORCAD\LAYOUT_PLUS\LIBRARY\PC104.LLB
Fri Apr 20 12:29:16 Loaded file C:\PROGRAM FILES\ORCAD\LAYOUT_PLUS\LIBRARY\PCI.LLB
Fri Apr 20 12:29:16 Loaded file C:\PROGRAM FILES\ORCAD\LAYOUT_PLUS\LIBRARY\PCON100T.LLB
Fri Apr 20 12:29:16 Loaded file C:\PROGRAM FILES\ORCAD\LAYOUT_PLUS\LIBRARY\PCON156T.LLB
Fri Apr 20 12:29:17 Loaded file C:\PROGRAM FILES\ORCAD\LAYOUT_PLUS\LIBRARY\PGA.LLB
Fri Apr 20 12:29:17 Loaded file C:\PROGRAM FILES\ORCAD\LAYOUT_PLUS\LIBRARY\PLCC.LLB
Fri Apr 20 12:29:19 Loaded file C:\PROGRAM FILES\ORCAD\LAYOUT_PLUS\LIBRARY\QUAD.LLB
Fri Apr 20 12:29:19 Loaded file C:\PROGRAM FILES\ORCAD\LAYOUT_PLUS\LIBRARY\QUADB.LLB
Fri Apr 20 12:29:19 Loaded file C:\PROGRAM FILES\ORCAD\LAYOUT_PLUS\LIBRARY\RELAY.LLB
Fri Apr 20 12:29:19 Loaded file C:\PROGRAM FILES\ORCAD\LAYOUT_PLUS\LIBRARY\RF.LLB
Fri Apr 20 12:29:19 Loaded file C:\PROGRAM FILES\ORCAD\LAYOUT_PLUS\LIBRARY\SBUS.LLB
Fri Apr 20 12:29:19 Loaded file C:\PROGRAM FILES\ORCAD\LAYOUT_PLUS\LIBRARY\SIMM050F.LLB
Fri Apr 20 12:29:20 Loaded file C:\PROGRAM FILES\ORCAD\LAYOUT_PLUS\LIBRARY\SIMM050T.LLB
Fri Apr 20 12:29:20 Loaded file C:\PROGRAM FILES\ORCAD\LAYOUT_PLUS\LIBRARY\SIMM100F.LLB
Fri Apr 20 12:29:21 Loaded file C:\PROGRAM FILES\ORCAD\LAYOUT_PLUS\LIBRARY\SIMM100T.LLB
Fri Apr 20 12:29:21 Loaded file C:\PROGRAM FILES\ORCAD\LAYOUT_PLUS\LIBRARY\SIP.LLB
Fri Apr 20 12:29:22 Loaded file C:\PROGRAM FILES\ORCAD\LAYOUT_PLUS\LIBRARY\SM.LLB
Fri Apr 20 12:29:22 Loaded file C:\PROGRAM FILES\ORCAD\LAYOUT_PLUS\LIBRARY\SOG.LLB
Fri Apr 20 12:29:22 Loaded file C:\PROGRAM FILES\ORCAD\LAYOUT_PLUS\LIBRARY\SOJ.LLB
Fri Apr 20 12:29:22 Loaded file C:\PROGRAM FILES\ORCAD\LAYOUT_PLUS\LIBRARY\STIFF.LLB
Fri Apr 20 12:29:22 Loaded file C:\PROGRAM FILES\ORCAD\LAYOUT_PLUS\LIBRARY\TELE.LLB
Fri Apr 20 12:29:23 Loaded file C:\PROGRAM FILES\ORCAD\LAYOUT_PLUS\LIBRARY\TM_AXIAL.LLB
Fri Apr 20 12:29:23 Loaded file C:\PROGRAM FILES\ORCAD\LAYOUT_PLUS\LIBRARY\TM_CAP_P.LLB
Fri Apr 20 12:29:23 Loaded file C:\PROGRAM FILES\ORCAD\LAYOUT_PLUS\LIBRARY\TM_CYLND.LLB
Fri Apr 20 12:29:24 Loaded file C:\PROGRAM FILES\ORCAD\LAYOUT_PLUS\LIBRARY\TM_DIODE.LLB
Fri Apr 20 12:29:25 Loaded file C:\PROGRAM FILES\ORCAD\LAYOUT_PLUS\LIBRARY\TM_DISC.LLB
Fri Apr 20 12:29:25 Loaded file C:\PROGRAM FILES\ORCAD\LAYOUT_PLUS\LIBRARY\TM_RAD.LLB
Fri Apr 20 12:29:27 Loaded file C:\PROGRAM FILES\ORCAD\LAYOUT_PLUS\LIBRARY\TO.LLB
Fri Apr 20 12:29:27 Loaded file C:\PROGRAM FILES\ORCAD\LAYOUT_PLUS\LIBRARY\TRAINING.LLB
Fri Apr 20 12:29:28 Loaded file C:\PROGRAM FILES\ORCAD\LAYOUT_PLUS\LIBRARY\VRES.LLB
Fri Apr 20 12:29:28 Loaded file C:\PROGRAM FILES\ORCAD\LAYOUT_PLUS\LIBRARY\WCON100T.LLB
Fri Apr 20 12:29:28 Loaded file C:\PROGRAM FILES\ORCAD\LAYOUT_PLUS\LIBRARY\XT.LLB
Fri Apr 20 12:29:28 Loaded file C:\PROGRAM FILES\ORCAD\LAYOUT_PLUS\LIBRARY\ZIGZAG.LLB
